-------------------------------------------------------------
 Démarrage du logging DHT11 : 2025-12-10 11:26:53
-------------------------------------------------------------
2025-12-10 11:27:55 | temperature | 25
2025-12-10 11:28:29 | humidity   | 55
-------------------------------------------------------------
 Démarrage du logging DHT11 : 2025-12-10 14:35:56
-------------------------------------------------------------
2025-12-10 14:38:11 | temperature | 0.90
2025-12-10 14:38:11 | humidity   | 0.00
2025-12-10 14:38:14 | temperature | 21.00
2025-12-10 14:38:14 | humidity   | 72.00
2025-12-10 14:38:17 | temperature | 21.00
2025-12-10 14:38:17 | humidity   | 72.00
2025-12-10 14:38:20 | temperature | 21.40
2025-12-10 14:38:20 | humidity   | 72.00
2025-12-10 14:38:23 | temperature | 21.20
2025-12-10 14:38:23 | humidity   | 72.00
2025-12-10 14:38:26 | temperature | 21.70
2025-12-10 14:38:26 | humidity   | 72.00
2025-12-10 14:38:29 | temperature | 21.70
2025-12-10 14:38:29 | humidity   | 72.00
2025-12-10 14:38:32 | temperature | 21.70
2025-12-10 14:38:32 | humidity   | 72.00
2025-12-10 14:38:35 | temperature | 21.20
2025-12-10 14:38:35 | humidity   | 72.00
2025-12-10 14:38:38 | temperature | 21.40
2025-12-10 14:38:38 | humidity   | 72.00
2025-12-10 14:38:41 | temperature | 21.60
2025-12-10 14:38:41 | humidity   | 72.00
2025-12-10 14:38:44 | temperature | 21.60
2025-12-10 14:38:44 | humidity   | 72.00
2025-12-10 14:38:47 | temperature | 21.60
2025-12-10 14:38:47 | humidity   | 72.00
2025-12-10 14:38:50 | temperature | 21.70
2025-12-10 14:38:50 | humidity   | 72.00
2025-12-10 14:38:53 | temperature | 21.70
2025-12-10 14:38:53 | humidity   | 71.00
2025-12-10 14:38:56 | temperature | 21.70
2025-12-10 14:38:56 | humidity   | 71.00
2025-12-10 14:38:59 | temperature | 21.90
2025-12-10 14:38:59 | humidity   | 71.00
2025-12-10 14:39:02 | temperature | 21.80
2025-12-10 14:39:02 | humidity   | 71.00
2025-12-10 14:39:15 | temperature | 0.90
2025-12-10 14:39:17 | humidity   | 0.00
2025-12-10 14:39:18 | temperature | 21.50
2025-12-10 14:39:18 | humidity   | 72.00
2025-12-10 14:39:21 | temperature | 21.80
2025-12-10 14:39:21 | humidity   | 72.00
2025-12-10 14:39:24 | temperature | 21.80
2025-12-10 14:39:24 | humidity   | 71.00
2025-12-10 14:39:27 | temperature | 21.50
2025-12-10 14:39:27 | humidity   | 72.00
2025-12-10 14:39:30 | temperature | 21.00
2025-12-10 14:39:30 | humidity   | 71.00
2025-12-10 14:39:33 | temperature | 21.60
2025-12-10 14:39:33 | humidity   | 71.00
2025-12-10 14:39:36 | temperature | 21.50
2025-12-10 14:39:36 | humidity   | 71.00
2025-12-10 14:39:39 | temperature | 21.20
2025-12-10 14:39:39 | humidity   | 72.00
2025-12-10 14:39:42 | temperature | 21.40
2025-12-10 14:39:42 | humidity   | 72.00
2025-12-10 14:39:45 | temperature | 21.80
2025-12-10 14:39:45 | humidity   | 71.00
2025-12-10 14:39:48 | temperature | 21.10
2025-12-10 14:39:48 | humidity   | 72.00
2025-12-10 14:39:51 | temperature | 21.00
2025-12-10 14:39:51 | humidity   | 73.00
2025-12-10 14:39:54 | humidity   | 73.00
2025-12-10 14:39:54 | temperature | 21.60
2025-12-10 14:39:57 | temperature | 21.20
2025-12-10 14:39:57 | humidity   | 72.00
2025-12-10 14:40:00 | temperature | 21.40
2025-12-10 14:40:01 | humidity   | 73.00
2025-12-10 14:40:03 | temperature | 21.70
2025-12-10 14:40:03 | humidity   | 73.00
2025-12-10 14:40:06 | temperature | 21.60
2025-12-10 14:40:06 | humidity   | 72.00
2025-12-10 14:40:09 | temperature | 21.10
2025-12-10 14:40:09 | humidity   | 72.00
2025-12-10 14:40:12 | temperature | 21.10
2025-12-10 14:40:12 | humidity   | 72.00
2025-12-10 14:40:15 | temperature | 21.60
2025-12-10 14:40:15 | humidity   | 72.00
2025-12-10 14:40:18 | temperature | 21.90
2025-12-10 14:40:18 | humidity   | 72.00
2025-12-10 14:40:21 | temperature | 21.80
2025-12-10 14:40:21 | humidity   | 72.00
2025-12-10 14:40:24 | temperature | 21.90
2025-12-10 14:40:24 | humidity   | 72.00
2025-12-10 14:40:27 | temperature | 21.00
2025-12-10 14:40:27 | humidity   | 72.00
2025-12-10 14:40:30 | temperature | 21.00
2025-12-10 14:40:30 | humidity   | 71.00
2025-12-10 14:40:33 | temperature | 21.70
2025-12-10 14:40:33 | humidity   | 71.00
2025-12-10 14:40:36 | temperature | 21.40
2025-12-10 14:40:36 | humidity   | 72.00
2025-12-10 14:40:39 | temperature | 21.70
2025-12-10 14:40:39 | humidity   | 72.00
2025-12-10 14:40:42 | temperature | 21.60
2025-12-10 14:40:42 | humidity   | 72.00
2025-12-10 14:40:45 | temperature | 21.90
2025-12-10 14:40:46 | humidity   | 71.00
2025-12-10 14:40:48 | temperature | 21.80
2025-12-10 14:40:48 | humidity   | 71.00
2025-12-10 14:40:51 | temperature | 21.30
2025-12-10 14:40:51 | humidity   | 71.00
2025-12-10 14:40:54 | temperature | 21.00
2025-12-10 14:40:54 | humidity   | 71.00
2025-12-10 14:40:57 | temperature | 21.30
2025-12-10 14:40:57 | humidity   | 71.00
2025-12-10 14:41:00 | temperature | 21.90
2025-12-10 14:41:01 | humidity   | 71.00
2025-12-10 14:41:03 | temperature | 21.10
2025-12-10 14:41:03 | humidity   | 71.00
2025-12-10 14:41:06 | temperature | 21.60
2025-12-10 14:41:06 | humidity   | 71.00
2025-12-10 14:41:09 | temperature | 21.00
2025-12-10 14:41:09 | humidity   | 71.00
2025-12-10 14:41:12 | temperature | 21.20
2025-12-10 14:41:12 | humidity   | 71.00
2025-12-10 14:41:15 | temperature | 21.70
2025-12-10 14:41:16 | humidity   | 71.00
2025-12-10 14:41:18 | temperature | 21.50
2025-12-10 14:41:18 | humidity   | 71.00
2025-12-10 14:41:21 | temperature | 21.20
2025-12-10 14:41:21 | humidity   | 71.00
2025-12-10 14:41:24 | temperature | 21.10
2025-12-10 14:41:24 | humidity   | 71.00
2025-12-10 14:41:27 | temperature | 21.20
2025-12-10 14:41:27 | humidity   | 71.00
2025-12-10 14:41:30 | temperature | 21.00
2025-12-10 14:41:31 | humidity   | 71.00
2025-12-10 14:41:33 | temperature | 21.40
2025-12-10 14:41:33 | humidity   | 71.00
2025-12-10 14:41:36 | temperature | 21.00
2025-12-10 14:41:36 | humidity   | 71.00
2025-12-10 14:41:39 | temperature | 21.50
2025-12-10 14:41:39 | humidity   | 71.00
2025-12-10 14:41:42 | temperature | 21.00
2025-12-10 14:41:42 | humidity   | 71.00
2025-12-10 14:41:45 | temperature | 21.60
2025-12-10 14:41:46 | humidity   | 72.00
2025-12-10 14:41:48 | temperature | 21.60
2025-12-10 14:41:48 | humidity   | 71.00
2025-12-10 14:41:51 | temperature | 21.00
2025-12-10 14:41:51 | humidity   | 71.00
2025-12-10 14:41:54 | temperature | 21.40
2025-12-10 14:41:54 | humidity   | 71.00
2025-12-10 14:41:57 | temperature | 21.10
2025-12-10 14:41:57 | humidity   | 71.00
2025-12-10 14:42:00 | temperature | 21.00
2025-12-10 14:42:01 | humidity   | 71.00
2025-12-10 14:42:03 | temperature | 21.30
2025-12-10 14:42:03 | humidity   | 71.00
2025-12-10 14:42:06 | temperature | 21.80
2025-12-10 14:42:06 | humidity   | 71.00
2025-12-10 14:42:09 | temperature | 21.00
2025-12-10 14:42:09 | humidity   | 71.00
2025-12-10 14:42:12 | temperature | 21.00
2025-12-10 14:42:12 | humidity   | 71.00
2025-12-10 14:42:15 | temperature | 21.30
2025-12-10 14:42:16 | humidity   | 71.00
2025-12-10 14:42:18 | temperature | 21.40
2025-12-10 14:42:18 | humidity   | 71.00
2025-12-10 14:42:21 | temperature | 21.30
2025-12-10 14:42:21 | humidity   | 71.00
2025-12-10 14:42:24 | temperature | 21.00
2025-12-10 14:42:24 | humidity   | 71.00
2025-12-10 14:42:27 | temperature | 21.50
2025-12-10 14:42:27 | humidity   | 71.00
2025-12-10 14:42:30 | temperature | 21.20
2025-12-10 14:42:31 | humidity   | 72.00
2025-12-10 14:42:33 | temperature | 21.60
2025-12-10 14:42:33 | humidity   | 71.00
2025-12-10 14:42:36 | temperature | 21.10
2025-12-10 14:42:36 | humidity   | 71.00
2025-12-10 14:42:39 | temperature | 21.10
2025-12-10 14:42:39 | humidity   | 71.00
2025-12-10 14:42:42 | temperature | 21.70
2025-12-10 14:42:42 | humidity   | 71.00
2025-12-10 14:42:45 | temperature | 21.40
2025-12-10 14:42:46 | humidity   | 71.00
2025-12-10 14:42:48 | temperature | 21.80
2025-12-10 14:42:48 | humidity   | 71.00
2025-12-10 14:42:51 | temperature | 21.60
2025-12-10 14:42:51 | humidity   | 71.00
2025-12-10 14:42:54 | temperature | 21.40
2025-12-10 14:42:54 | humidity   | 71.00
2025-12-10 14:42:57 | temperature | 21.40
2025-12-10 14:42:57 | humidity   | 71.00
2025-12-10 14:43:00 | temperature | 21.00
2025-12-10 14:43:01 | humidity   | 71.00
2025-12-10 14:43:03 | temperature | 21.40
2025-12-10 14:43:03 | humidity   | 71.00
2025-12-10 14:43:06 | temperature | 21.10
2025-12-10 14:43:06 | humidity   | 71.00
2025-12-10 14:43:09 | temperature | 21.60
2025-12-10 14:43:09 | humidity   | 71.00
2025-12-10 14:43:13 | temperature | 21.70
2025-12-10 14:43:13 | humidity   | 71.00
2025-12-10 14:43:15 | temperature | 21.80
2025-12-10 14:43:16 | humidity   | 71.00
2025-12-10 14:43:19 | temperature | 21.10
2025-12-10 14:43:19 | humidity   | 71.00
2025-12-10 14:43:21 | temperature | 21.70
2025-12-10 14:43:21 | humidity   | 71.00
2025-12-10 14:43:24 | temperature | 21.50
2025-12-10 14:43:24 | humidity   | 71.00
2025-12-10 14:43:27 | temperature | 21.20
2025-12-10 14:43:28 | humidity   | 71.00
2025-12-10 14:43:30 | temperature | 21.40
2025-12-10 14:43:31 | humidity   | 71.00
2025-12-10 14:43:34 | temperature | 21.50
2025-12-10 14:43:34 | humidity   | 71.00
2025-12-10 14:43:37 | temperature | 21.80
2025-12-10 14:43:37 | humidity   | 71.00
2025-12-10 14:43:40 | temperature | 21.80
2025-12-10 14:43:40 | humidity   | 71.00
2025-12-10 14:43:43 | temperature | 21.40
2025-12-10 14:43:43 | humidity   | 71.00
2025-12-10 14:43:46 | temperature | 21.20
2025-12-10 14:43:46 | humidity   | 71.00
2025-12-10 14:43:49 | temperature | 21.20
2025-12-10 14:43:49 | humidity   | 71.00
2025-12-10 14:43:52 | temperature | 21.30
2025-12-10 14:43:52 | humidity   | 71.00
2025-12-10 14:43:55 | temperature | 21.80
2025-12-10 14:43:55 | humidity   | 71.00
2025-12-10 14:43:58 | temperature | 21.90
2025-12-10 14:43:58 | humidity   | 71.00
2025-12-10 14:44:01 | temperature | 21.90
2025-12-10 14:44:01 | humidity   | 71.00
2025-12-10 14:44:04 | temperature | 21.10
2025-12-10 14:44:04 | humidity   | 71.00
2025-12-10 14:44:07 | temperature | 21.70
2025-12-10 14:44:07 | humidity   | 72.00
2025-12-10 14:44:10 | temperature | 21.40
2025-12-10 14:44:10 | humidity   | 72.00
2025-12-10 14:44:13 | temperature | 21.60
2025-12-10 14:44:13 | humidity   | 71.00
2025-12-10 14:44:16 | temperature | 21.30
2025-12-10 14:44:16 | humidity   | 72.00
2025-12-10 14:44:19 | temperature | 21.70
2025-12-10 14:44:19 | humidity   | 72.00
2025-12-10 14:44:22 | temperature | 21.80
2025-12-10 14:44:22 | humidity   | 72.00
2025-12-10 14:44:25 | temperature | 21.50
2025-12-10 14:44:25 | humidity   | 72.00
2025-12-10 14:44:28 | temperature | 21.10
2025-12-10 14:44:28 | humidity   | 72.00
2025-12-10 14:44:31 | temperature | 21.70
2025-12-10 14:44:31 | humidity   | 72.00
2025-12-10 14:44:34 | temperature | 21.40
2025-12-10 14:44:34 | humidity   | 72.00
2025-12-10 14:44:37 | temperature | 21.10
2025-12-10 14:44:37 | humidity   | 71.00
2025-12-10 14:44:40 | temperature | 21.90
2025-12-10 14:44:40 | humidity   | 71.00
2025-12-10 14:44:43 | temperature | 21.70
2025-12-10 14:44:43 | humidity   | 71.00
2025-12-10 14:44:46 | temperature | 21.30
2025-12-10 14:44:46 | humidity   | 71.00
2025-12-10 14:44:49 | temperature | 21.00
2025-12-10 14:44:49 | humidity   | 71.00
2025-12-10 14:44:52 | temperature | 21.80
2025-12-10 14:44:52 | humidity   | 71.00
2025-12-10 14:44:55 | temperature | 21.00
2025-12-10 14:44:55 | humidity   | 71.00
2025-12-10 14:44:58 | temperature | 21.10
2025-12-10 14:44:58 | humidity   | 71.00
2025-12-10 14:45:01 | temperature | 21.40
2025-12-10 14:45:01 | humidity   | 71.00
2025-12-10 14:45:04 | temperature | 21.80
2025-12-10 14:45:04 | humidity   | 71.00
2025-12-10 14:45:07 | temperature | 21.20
2025-12-10 14:45:07 | humidity   | 71.00
2025-12-10 14:45:10 | temperature | 21.40
2025-12-10 14:45:10 | humidity   | 71.00
2025-12-10 14:45:13 | temperature | 21.00
2025-12-10 14:45:13 | humidity   | 71.00
2025-12-10 14:45:16 | temperature | 21.60
2025-12-10 14:45:16 | humidity   | 71.00
2025-12-10 14:45:19 | temperature | 21.00
2025-12-10 14:45:19 | humidity   | 71.00
2025-12-10 14:45:22 | temperature | 21.30
2025-12-10 14:45:22 | humidity   | 71.00
2025-12-10 14:45:25 | temperature | 21.00
2025-12-10 14:45:25 | humidity   | 71.00
2025-12-10 14:45:28 | temperature | 21.30
2025-12-10 14:45:28 | humidity   | 71.00
2025-12-10 14:45:31 | temperature | 21.70
2025-12-10 14:45:31 | humidity   | 71.00
2025-12-10 14:45:34 | temperature | 21.50
2025-12-10 14:45:34 | humidity   | 71.00
2025-12-10 14:45:37 | temperature | 21.50
2025-12-10 14:45:37 | humidity   | 71.00
2025-12-10 14:45:40 | temperature | 21.30
2025-12-10 14:45:40 | humidity   | 71.00
2025-12-10 14:45:43 | temperature | 21.70
2025-12-10 14:45:43 | humidity   | 71.00
2025-12-10 14:45:46 | temperature | 21.80
2025-12-10 14:45:46 | humidity   | 71.00
2025-12-10 14:45:49 | temperature | 21.70
2025-12-10 14:45:49 | humidity   | 71.00
2025-12-10 14:45:52 | temperature | 21.80
2025-12-10 14:45:52 | humidity   | 71.00
2025-12-10 14:45:55 | temperature | 21.50
2025-12-10 14:45:55 | humidity   | 71.00
2025-12-10 14:45:58 | temperature | 21.00
2025-12-10 14:45:58 | humidity   | 71.00
2025-12-10 14:46:01 | temperature | 21.90
2025-12-10 14:46:01 | humidity   | 71.00
2025-12-10 14:46:04 | temperature | 21.20
2025-12-10 14:46:04 | humidity   | 71.00
2025-12-10 14:46:07 | temperature | 21.50
2025-12-10 14:46:07 | humidity   | 71.00
2025-12-10 14:46:10 | temperature | 21.70
2025-12-10 14:46:10 | humidity   | 71.00
2025-12-10 14:46:13 | temperature | 21.50
2025-12-10 14:46:13 | humidity   | 71.00
2025-12-10 14:46:16 | temperature | 21.80
2025-12-10 14:46:16 | humidity   | 71.00
2025-12-10 14:46:19 | temperature | 21.40
2025-12-10 14:46:19 | humidity   | 71.00
2025-12-10 14:46:22 | temperature | 21.60
2025-12-10 14:46:22 | humidity   | 71.00
2025-12-10 14:46:25 | temperature | 21.60
2025-12-10 14:46:25 | humidity   | 71.00
2025-12-10 14:46:28 | temperature | 21.90
2025-12-10 14:46:28 | humidity   | 71.00
2025-12-10 14:46:31 | temperature | 21.00
2025-12-10 14:46:31 | humidity   | 71.00
2025-12-10 14:46:34 | temperature | 21.00
2025-12-10 14:46:34 | humidity   | 71.00
2025-12-10 14:46:37 | temperature | 21.10
2025-12-10 14:46:37 | humidity   | 71.00
2025-12-10 14:46:40 | temperature | 21.30
2025-12-10 14:46:40 | humidity   | 71.00
2025-12-10 14:46:43 | temperature | 21.10
2025-12-10 14:46:43 | humidity   | 71.00
2025-12-10 14:46:46 | temperature | 21.40
2025-12-10 14:46:46 | humidity   | 71.00
2025-12-10 14:46:49 | temperature | 21.20
2025-12-10 14:46:49 | humidity   | 71.00
2025-12-10 14:46:52 | temperature | 21.40
2025-12-10 14:46:52 | humidity   | 72.00
2025-12-10 14:46:55 | temperature | 21.50
2025-12-10 14:46:56 | humidity   | 72.00
2025-12-10 14:46:58 | temperature | 21.90
2025-12-10 14:46:58 | humidity   | 72.00
2025-12-10 14:47:01 | temperature | 21.70
2025-12-10 14:47:01 | humidity   | 72.00
2025-12-10 14:47:04 | temperature | 21.40
2025-12-10 14:47:04 | humidity   | 72.00
2025-12-10 14:47:07 | temperature | 21.90
2025-12-10 14:47:07 | humidity   | 72.00
2025-12-10 14:47:10 | temperature | 21.70
2025-12-10 14:47:10 | humidity   | 72.00
2025-12-10 14:47:13 | temperature | 21.40
2025-12-10 14:47:13 | humidity   | 72.00
2025-12-10 14:47:16 | temperature | 21.80
2025-12-10 14:47:16 | humidity   | 72.00
2025-12-10 14:47:19 | temperature | 21.40
2025-12-10 14:47:19 | humidity   | 72.00
2025-12-10 14:47:22 | temperature | 21.70
2025-12-10 14:47:22 | humidity   | 71.00
2025-12-10 14:47:25 | temperature | 21.40
2025-12-10 14:47:25 | humidity   | 71.00
2025-12-10 14:47:28 | temperature | 21.70
2025-12-10 14:47:28 | humidity   | 72.00
2025-12-10 14:47:31 | temperature | 21.40
2025-12-10 14:47:31 | humidity   | 72.00
2025-12-10 14:47:34 | temperature | 21.50
2025-12-10 14:47:34 | humidity   | 72.00
2025-12-10 14:47:37 | temperature | 21.80
2025-12-10 14:47:37 | humidity   | 72.00
2025-12-10 14:47:40 | temperature | 21.10
2025-12-10 14:47:40 | humidity   | 72.00
2025-12-10 14:47:43 | temperature | 21.70
2025-12-10 14:47:43 | humidity   | 72.00
2025-12-10 14:47:46 | temperature | 21.10
2025-12-10 14:47:46 | humidity   | 72.00
2025-12-10 14:47:49 | temperature | 21.70
2025-12-10 14:47:49 | humidity   | 72.00
2025-12-10 14:47:52 | temperature | 21.30
2025-12-10 14:47:52 | humidity   | 72.00
2025-12-10 14:47:55 | temperature | 21.70
2025-12-10 14:47:55 | humidity   | 72.00
2025-12-10 14:47:58 | temperature | 21.90
2025-12-10 14:47:58 | humidity   | 72.00
2025-12-10 14:48:01 | temperature | 21.00
2025-12-10 14:48:01 | humidity   | 72.00
2025-12-10 14:48:04 | temperature | 21.10
2025-12-10 14:48:04 | humidity   | 72.00
2025-12-10 14:48:07 | temperature | 21.30
2025-12-10 14:48:07 | humidity   | 72.00
2025-12-10 14:48:10 | temperature | 21.60
2025-12-10 14:48:10 | humidity   | 72.00
2025-12-10 14:48:13 | temperature | 21.60
2025-12-10 14:48:13 | humidity   | 72.00
2025-12-10 14:48:16 | temperature | 21.20
2025-12-10 14:48:16 | humidity   | 72.00
2025-12-10 14:48:19 | temperature | 21.00
2025-12-10 14:48:19 | humidity   | 72.00
2025-12-10 14:48:22 | temperature | 21.50
2025-12-10 14:48:22 | humidity   | 72.00
2025-12-10 14:48:25 | temperature | 21.70
2025-12-10 14:48:25 | humidity   | 72.00
2025-12-10 14:48:28 | temperature | 21.10
2025-12-10 14:48:28 | humidity   | 72.00
2025-12-10 14:48:31 | temperature | 21.60
2025-12-10 14:48:31 | humidity   | 72.00
2025-12-10 14:48:34 | temperature | 21.50
2025-12-10 14:48:34 | humidity   | 72.00
2025-12-10 14:48:37 | temperature | 21.20
2025-12-10 14:48:37 | humidity   | 72.00
2025-12-10 14:48:40 | temperature | 21.80
2025-12-10 14:48:40 | humidity   | 72.00
2025-12-10 14:48:43 | temperature | 21.30
2025-12-10 14:48:43 | humidity   | 72.00
2025-12-10 14:48:46 | temperature | 21.20
2025-12-10 14:48:46 | humidity   | 72.00
2025-12-10 14:48:49 | temperature | 21.90
2025-12-10 14:48:49 | humidity   | 72.00
2025-12-10 14:48:52 | temperature | 21.30
2025-12-10 14:48:52 | humidity   | 72.00
2025-12-10 14:48:55 | temperature | 21.20
2025-12-10 14:48:55 | humidity   | 72.00
2025-12-10 14:48:58 | temperature | 21.40
2025-12-10 14:48:58 | humidity   | 72.00
2025-12-10 14:49:01 | temperature | 21.00
2025-12-10 14:49:01 | humidity   | 72.00
2025-12-10 14:49:04 | temperature | 21.60
2025-12-10 14:49:04 | humidity   | 72.00
2025-12-10 14:49:07 | temperature | 21.80
2025-12-10 14:49:07 | humidity   | 72.00
2025-12-10 14:49:10 | temperature | 21.40
2025-12-10 14:49:10 | humidity   | 72.00
2025-12-10 14:49:13 | temperature | 21.10
2025-12-10 14:49:13 | humidity   | 72.00
2025-12-10 14:49:16 | temperature | 21.90
2025-12-10 14:49:16 | humidity   | 72.00
2025-12-10 14:49:19 | temperature | 21.30
2025-12-10 14:49:19 | humidity   | 72.00
2025-12-10 14:49:22 | temperature | 21.70
2025-12-10 14:49:22 | humidity   | 72.00
2025-12-10 14:49:25 | temperature | 21.70
2025-12-10 14:49:25 | humidity   | 72.00
2025-12-10 14:49:28 | temperature | 21.20
2025-12-10 14:49:28 | humidity   | 73.00
2025-12-10 14:49:31 | temperature | 21.20
2025-12-10 14:49:31 | humidity   | 72.00
2025-12-10 14:49:34 | temperature | 21.80
2025-12-10 14:49:34 | humidity   | 73.00
2025-12-10 14:49:37 | temperature | 21.40
2025-12-10 14:49:37 | humidity   | 72.00
2025-12-10 14:49:40 | temperature | 21.40
2025-12-10 14:49:40 | humidity   | 72.00
2025-12-10 14:49:43 | temperature | 21.70
2025-12-10 14:49:43 | humidity   | 72.00
2025-12-10 14:49:46 | temperature | 21.30
2025-12-10 14:49:46 | humidity   | 73.00
2025-12-10 14:49:49 | temperature | 21.60
2025-12-10 14:49:49 | humidity   | 72.00
2025-12-10 14:49:52 | temperature | 21.90
2025-12-10 14:49:52 | humidity   | 72.00
2025-12-10 14:49:55 | temperature | 21.00
2025-12-10 14:49:55 | humidity   | 72.00
2025-12-10 14:49:58 | temperature | 21.30
2025-12-10 14:49:58 | humidity   | 72.00
2025-12-10 14:50:01 | temperature | 21.70
2025-12-10 14:50:01 | humidity   | 72.00
2025-12-10 14:50:04 | temperature | 21.40
2025-12-10 14:50:04 | humidity   | 72.00
2025-12-10 14:50:07 | temperature | 21.50
2025-12-10 14:50:07 | humidity   | 72.00
2025-12-10 14:50:10 | temperature | 21.70
2025-12-10 14:50:10 | humidity   | 72.00
2025-12-10 14:50:13 | temperature | 21.20
2025-12-10 14:50:13 | humidity   | 72.00
2025-12-10 14:50:16 | temperature | 21.20
2025-12-10 14:50:16 | humidity   | 72.00
2025-12-10 14:50:19 | temperature | 21.40
2025-12-10 14:50:19 | humidity   | 72.00
2025-12-10 14:50:22 | temperature | 21.20
2025-12-10 14:50:22 | humidity   | 72.00
2025-12-10 14:50:25 | temperature | 21.20
2025-12-10 14:50:25 | humidity   | 72.00
2025-12-10 14:50:28 | temperature | 21.90
2025-12-10 14:50:28 | humidity   | 72.00
2025-12-10 14:50:31 | temperature | 21.90
2025-12-10 14:50:31 | humidity   | 72.00
2025-12-10 14:50:34 | temperature | 21.90
2025-12-10 14:50:34 | humidity   | 72.00
2025-12-10 14:50:37 | temperature | 21.60
2025-12-10 14:50:37 | humidity   | 72.00
2025-12-10 14:50:40 | temperature | 21.90
2025-12-10 14:50:40 | humidity   | 73.00
2025-12-10 14:50:43 | temperature | 21.30
2025-12-10 14:50:43 | humidity   | 73.00
2025-12-10 14:50:46 | temperature | 21.20
2025-12-10 14:50:46 | humidity   | 73.00
2025-12-10 14:50:49 | temperature | 21.90
2025-12-10 14:50:49 | humidity   | 73.00
2025-12-10 14:50:52 | temperature | 21.20
2025-12-10 14:50:52 | humidity   | 73.00
2025-12-10 14:50:55 | temperature | 21.50
2025-12-10 14:50:55 | humidity   | 73.00
2025-12-10 14:50:58 | temperature | 21.20
2025-12-10 14:50:58 | humidity   | 73.00
2025-12-10 14:51:01 | temperature | 21.90
2025-12-10 14:51:01 | humidity   | 73.00
2025-12-10 14:51:04 | temperature | 21.00
2025-12-10 14:51:04 | humidity   | 73.00
2025-12-10 14:51:07 | temperature | 21.60
2025-12-10 14:51:07 | humidity   | 73.00
2025-12-10 14:51:10 | temperature | 22.90
2025-12-10 14:51:10 | humidity   | 72.00
2025-12-10 14:51:13 | temperature | 22.40
2025-12-10 14:51:13 | humidity   | 72.00
2025-12-10 14:51:16 | temperature | 22.10
2025-12-10 14:51:16 | humidity   | 72.00
2025-12-10 14:51:19 | temperature | 22.50
2025-12-10 14:51:19 | humidity   | 72.00
2025-12-10 14:51:22 | temperature | 22.80
2025-12-10 14:51:22 | humidity   | 72.00
2025-12-10 14:51:25 | temperature | 22.40
2025-12-10 14:51:25 | humidity   | 89.00
2025-12-10 14:51:28 | temperature | 23.70
2025-12-10 14:51:28 | humidity   | 91.00
2025-12-10 14:51:31 | temperature | 22.20
2025-12-10 14:51:31 | humidity   | 92.00
2025-12-10 14:51:34 | temperature | 22.40
2025-12-10 14:51:34 | humidity   | 92.00
2025-12-10 14:51:37 | temperature | 22.80
2025-12-10 14:51:37 | humidity   | 93.00
2025-12-10 14:51:40 | temperature | 22.40
2025-12-10 14:51:40 | humidity   | 92.00
2025-12-10 14:51:43 | temperature | 22.10
2025-12-10 14:51:43 | humidity   | 93.00
2025-12-10 14:51:46 | temperature | 22.70
2025-12-10 14:51:47 | humidity   | 93.00
2025-12-10 14:51:49 | temperature | 22.90
2025-12-10 14:51:49 | humidity   | 92.00
2025-12-10 14:51:52 | temperature | 22.20
2025-12-10 14:51:52 | humidity   | 92.00
2025-12-10 14:51:55 | temperature | 22.00
2025-12-10 14:51:55 | humidity   | 92.00
2025-12-10 14:51:58 | temperature | 22.00
2025-12-10 14:51:58 | humidity   | 92.00
2025-12-10 14:52:01 | temperature | 22.40
2025-12-10 14:52:01 | humidity   | 91.00
2025-12-10 14:52:04 | temperature | 22.00
2025-12-10 14:52:04 | humidity   | 91.00
2025-12-10 14:52:07 | temperature | 22.70
2025-12-10 14:52:07 | humidity   | 91.00
2025-12-10 14:52:10 | temperature | 22.60
2025-12-10 14:52:10 | humidity   | 90.00
2025-12-10 14:52:13 | temperature | 22.00
2025-12-10 14:52:13 | humidity   | 90.00
2025-12-10 14:52:16 | temperature | 22.90
2025-12-10 14:52:16 | humidity   | 89.00
2025-12-10 14:52:19 | temperature | 22.50
2025-12-10 14:52:19 | humidity   | 89.00
2025-12-10 14:52:22 | temperature | 22.50
2025-12-10 14:52:22 | humidity   | 88.00
2025-12-10 14:52:25 | temperature | 22.10
2025-12-10 14:52:25 | humidity   | 88.00
2025-12-10 14:52:28 | temperature | 22.60
2025-12-10 14:52:28 | humidity   | 88.00
2025-12-10 14:52:31 | temperature | 22.40
2025-12-10 14:52:31 | humidity   | 87.00
2025-12-10 14:52:34 | temperature | 22.20
2025-12-10 14:52:34 | humidity   | 86.00
2025-12-10 14:52:37 | temperature | 22.90
2025-12-10 14:52:37 | humidity   | 85.00
2025-12-10 14:52:40 | temperature | 22.70
2025-12-10 14:52:40 | humidity   | 85.00
2025-12-10 14:52:43 | temperature | 22.20
2025-12-10 14:52:43 | humidity   | 84.00
2025-12-10 14:52:46 | temperature | 22.70
2025-12-10 14:52:46 | humidity   | 83.00
2025-12-10 14:52:49 | temperature | 22.30
2025-12-10 14:52:49 | humidity   | 83.00
2025-12-10 14:52:52 | temperature | 22.20
2025-12-10 14:52:52 | humidity   | 82.00
2025-12-10 14:52:55 | temperature | 22.70
2025-12-10 14:52:55 | humidity   | 82.00
2025-12-10 14:52:58 | temperature | 22.70
2025-12-10 14:52:58 | humidity   | 81.00
2025-12-10 14:53:01 | temperature | 22.80
2025-12-10 14:53:01 | humidity   | 81.00
2025-12-10 14:53:04 | temperature | 22.00
2025-12-10 14:53:04 | humidity   | 81.00
2025-12-10 14:53:07 | temperature | 22.20
2025-12-10 14:53:07 | humidity   | 80.00
2025-12-10 14:53:10 | temperature | 22.10
2025-12-10 14:53:10 | humidity   | 79.00
2025-12-10 14:53:13 | temperature | 22.30
2025-12-10 14:53:13 | humidity   | 80.00
2025-12-10 14:53:16 | temperature | 22.00
2025-12-10 14:53:16 | humidity   | 79.00
2025-12-10 14:53:19 | temperature | 22.90
2025-12-10 14:53:19 | humidity   | 79.00
2025-12-10 14:53:22 | temperature | 22.60
2025-12-10 14:53:22 | humidity   | 79.00
2025-12-10 14:53:25 | temperature | 22.20
2025-12-10 14:53:25 | humidity   | 79.00
2025-12-10 14:53:28 | temperature | 22.50
2025-12-10 14:53:28 | humidity   | 79.00
2025-12-10 14:53:31 | temperature | 22.00
2025-12-10 14:53:31 | humidity   | 79.00
2025-12-10 14:53:34 | temperature | 22.20
2025-12-10 14:53:34 | humidity   | 79.00
2025-12-10 14:53:37 | temperature | 22.50
2025-12-10 14:53:37 | humidity   | 78.00
2025-12-10 14:53:40 | temperature | 22.10
2025-12-10 14:53:40 | humidity   | 78.00
2025-12-10 14:53:43 | temperature | 22.90
2025-12-10 14:53:43 | humidity   | 78.00
2025-12-10 14:53:46 | temperature | 22.80
2025-12-10 14:53:46 | humidity   | 78.00
2025-12-10 14:53:49 | temperature | 22.00
2025-12-10 14:53:49 | humidity   | 78.00
2025-12-10 14:53:52 | temperature | 22.40
2025-12-10 14:53:52 | humidity   | 78.00
2025-12-10 14:53:55 | temperature | 22.30
2025-12-10 14:53:55 | humidity   | 78.00
2025-12-10 14:53:58 | temperature | 22.00
2025-12-10 14:53:58 | humidity   | 78.00
2025-12-10 14:54:01 | temperature | 22.70
2025-12-10 14:54:01 | humidity   | 78.00
2025-12-10 14:54:04 | temperature | 22.70
2025-12-10 14:54:06 | humidity   | 78.00
2025-12-10 14:54:07 | temperature | 22.80
2025-12-10 14:54:07 | humidity   | 78.00
2025-12-10 14:54:10 | temperature | 22.10
2025-12-10 14:54:10 | humidity   | 78.00
2025-12-10 14:54:13 | temperature | 22.40
2025-12-10 14:54:13 | humidity   | 78.00
2025-12-10 14:54:16 | temperature | 22.90
2025-12-10 14:54:16 | humidity   | 78.00
2025-12-10 14:54:19 | temperature | 22.60
2025-12-10 14:54:19 | humidity   | 78.00
2025-12-10 14:54:22 | temperature | 22.00
2025-12-10 14:54:22 | humidity   | 78.00
2025-12-10 14:54:25 | temperature | 22.60
2025-12-10 14:54:25 | humidity   | 78.00
2025-12-10 14:54:28 | temperature | 22.10
2025-12-10 14:54:28 | humidity   | 78.00
2025-12-10 14:54:31 | temperature | 22.30
2025-12-10 14:54:31 | humidity   | 78.00
2025-12-10 14:54:34 | temperature | 22.10
2025-12-10 14:54:34 | humidity   | 78.00
2025-12-10 14:54:37 | temperature | 22.30
2025-12-10 14:54:37 | humidity   | 78.00
2025-12-10 14:54:40 | temperature | 22.50
2025-12-10 14:54:40 | humidity   | 77.00
2025-12-10 14:54:43 | temperature | 22.70
2025-12-10 14:54:43 | humidity   | 78.00
2025-12-10 14:54:46 | temperature | 22.00
2025-12-10 14:54:46 | humidity   | 77.00
2025-12-10 14:54:49 | temperature | 22.00
2025-12-10 14:54:50 | humidity   | 78.00
2025-12-10 14:54:52 | temperature | 22.50
2025-12-10 14:54:52 | humidity   | 77.00
2025-12-10 14:54:55 | temperature | 22.10
2025-12-10 14:54:55 | humidity   | 77.00
2025-12-10 14:54:58 | temperature | 22.30
2025-12-10 14:54:58 | humidity   | 77.00
2025-12-10 14:55:01 | temperature | 22.10
2025-12-10 14:55:01 | humidity   | 77.00
2025-12-10 14:55:04 | temperature | 22.80
2025-12-10 14:55:04 | humidity   | 77.00
2025-12-10 14:55:07 | temperature | 22.60
2025-12-10 14:55:07 | humidity   | 77.00
2025-12-10 14:55:10 | temperature | 22.30
2025-12-10 14:55:10 | humidity   | 77.00
2025-12-10 14:55:13 | temperature | 22.60
2025-12-10 14:55:13 | humidity   | 77.00
2025-12-10 14:55:16 | temperature | 22.70
2025-12-10 14:55:16 | humidity   | 77.00
2025-12-10 14:55:19 | temperature | 22.30
2025-12-10 14:55:19 | humidity   | 77.00
2025-12-10 14:55:22 | temperature | 22.30
2025-12-10 14:55:22 | humidity   | 77.00
2025-12-10 14:55:25 | temperature | 22.10
2025-12-10 14:55:25 | humidity   | 77.00
2025-12-10 14:55:28 | temperature | 22.30
2025-12-10 14:55:28 | humidity   | 77.00
2025-12-10 14:55:31 | temperature | 22.60
2025-12-10 14:55:31 | humidity   | 77.00
2025-12-10 14:55:34 | temperature | 22.90
2025-12-10 14:55:34 | humidity   | 77.00
2025-12-10 14:55:37 | temperature | 22.30
2025-12-10 14:55:37 | humidity   | 77.00
2025-12-10 14:55:40 | temperature | 22.20
2025-12-10 14:55:40 | humidity   | 77.00
2025-12-10 14:55:43 | temperature | 22.10
2025-12-10 14:55:43 | humidity   | 77.00
2025-12-10 14:55:46 | temperature | 22.80
2025-12-10 14:55:46 | humidity   | 77.00
2025-12-10 14:55:49 | temperature | 22.70
2025-12-10 14:55:49 | humidity   | 77.00
2025-12-10 14:55:52 | temperature | 22.40
2025-12-10 14:55:52 | humidity   | 77.00
2025-12-10 14:55:55 | temperature | 22.20
2025-12-10 14:55:55 | humidity   | 77.00
2025-12-10 14:55:58 | temperature | 22.80
2025-12-10 14:55:58 | humidity   | 77.00
2025-12-10 14:56:01 | temperature | 22.70
2025-12-10 14:56:01 | humidity   | 77.00
2025-12-10 14:56:04 | temperature | 22.30
2025-12-10 14:56:04 | humidity   | 77.00
2025-12-10 14:56:07 | temperature | 22.20
2025-12-10 14:56:07 | humidity   | 77.00
2025-12-10 14:56:10 | temperature | 22.00
2025-12-10 14:56:10 | humidity   | 77.00
2025-12-10 14:56:13 | temperature | 22.40
2025-12-10 14:56:13 | humidity   | 77.00
2025-12-10 14:56:16 | temperature | 22.20
2025-12-10 14:56:16 | humidity   | 77.00
2025-12-10 14:56:19 | temperature | 22.90
2025-12-10 14:56:19 | humidity   | 77.00
2025-12-10 14:56:22 | temperature | 22.80
2025-12-10 14:56:22 | humidity   | 77.00
2025-12-10 14:56:25 | temperature | 22.10
2025-12-10 14:56:25 | humidity   | 77.00
2025-12-10 14:56:28 | temperature | 22.40
2025-12-10 14:56:28 | humidity   | 77.00
2025-12-10 14:56:31 | temperature | 22.60
2025-12-10 14:56:31 | humidity   | 77.00
2025-12-10 14:56:34 | temperature | 22.80
2025-12-10 14:56:34 | humidity   | 77.00
2025-12-10 14:56:37 | temperature | 22.90
2025-12-10 14:56:37 | humidity   | 77.00
2025-12-10 14:56:40 | temperature | 22.80
2025-12-10 14:56:40 | humidity   | 77.00
2025-12-10 14:56:43 | temperature | 22.10
2025-12-10 14:56:43 | humidity   | 77.00
2025-12-10 14:56:46 | temperature | 22.60
2025-12-10 14:56:46 | humidity   | 77.00
2025-12-10 14:56:49 | temperature | 22.80
2025-12-10 14:56:49 | humidity   | 77.00
2025-12-10 14:56:52 | temperature | 22.50
2025-12-10 14:56:52 | humidity   | 77.00
2025-12-10 14:56:55 | temperature | 22.50
2025-12-10 14:56:55 | humidity   | 77.00
2025-12-10 14:56:58 | temperature | 22.60
2025-12-10 14:56:58 | humidity   | 77.00
2025-12-10 14:57:01 | temperature | 22.80
2025-12-10 14:57:01 | humidity   | 77.00
2025-12-10 14:57:04 | temperature | 22.00
2025-12-10 14:57:04 | humidity   | 77.00
2025-12-10 14:57:07 | temperature | 22.30
2025-12-10 14:57:07 | humidity   | 77.00
2025-12-10 14:57:10 | temperature | 22.60
2025-12-10 14:57:10 | humidity   | 77.00
2025-12-10 14:57:13 | temperature | 22.80
2025-12-10 14:57:13 | humidity   | 77.00
2025-12-10 14:57:16 | temperature | 22.90
2025-12-10 14:57:16 | humidity   | 77.00
2025-12-10 14:57:19 | temperature | 22.10
2025-12-10 14:57:19 | humidity   | 77.00
2025-12-10 14:57:22 | temperature | 22.30
2025-12-10 14:57:22 | humidity   | 77.00
2025-12-10 14:57:25 | temperature | 22.40
2025-12-10 14:57:25 | humidity   | 77.00
2025-12-10 14:57:28 | temperature | 22.70
2025-12-10 14:57:28 | humidity   | 78.00
2025-12-10 14:57:31 | temperature | 22.70
2025-12-10 14:57:31 | humidity   | 78.00
2025-12-10 14:57:34 | temperature | 22.60
2025-12-10 14:57:34 | humidity   | 77.00
2025-12-10 14:57:37 | temperature | 22.90
2025-12-10 14:57:37 | humidity   | 78.00
2025-12-10 14:57:42 | temperature | 22.90
2025-12-10 14:57:42 | humidity   | 78.00
2025-12-10 14:57:43 | temperature | 22.20
2025-12-10 14:57:43 | humidity   | 78.00
2025-12-10 14:57:46 | temperature | 22.70
2025-12-10 14:57:46 | humidity   | 77.00
2025-12-10 14:57:49 | temperature | 22.40
2025-12-10 14:57:49 | humidity   | 78.00
2025-12-10 14:57:52 | temperature | 22.30
2025-12-10 14:57:52 | humidity   | 77.00
2025-12-10 14:57:55 | temperature | 22.70
2025-12-10 14:57:55 | humidity   | 78.00
2025-12-10 14:57:58 | temperature | 22.80
2025-12-10 14:57:58 | humidity   | 77.00
2025-12-10 14:58:01 | temperature | 22.20
2025-12-10 14:58:01 | humidity   | 78.00
2025-12-10 14:58:04 | temperature | 22.70
2025-12-10 14:58:04 | humidity   | 77.00
2025-12-10 14:58:07 | temperature | 22.30
2025-12-10 14:58:07 | humidity   | 78.00
2025-12-10 14:58:10 | temperature | 22.60
2025-12-10 14:58:10 | humidity   | 78.00
2025-12-10 14:58:13 | temperature | 22.00
2025-12-10 14:58:13 | humidity   | 78.00
2025-12-10 14:58:16 | temperature | 22.50
2025-12-10 14:58:16 | humidity   | 78.00
2025-12-10 14:58:19 | temperature | 22.30
2025-12-10 14:58:19 | humidity   | 78.00
2025-12-10 14:58:22 | temperature | 22.90
2025-12-10 14:58:22 | humidity   | 78.00
2025-12-10 14:58:25 | temperature | 22.60
2025-12-10 14:58:25 | humidity   | 78.00
2025-12-10 14:58:28 | temperature | 22.00
2025-12-10 14:58:28 | humidity   | 78.00
2025-12-10 14:58:31 | temperature | 22.60
2025-12-10 14:58:31 | humidity   | 78.00
2025-12-10 14:58:34 | temperature | 22.10
2025-12-10 14:58:34 | humidity   | 78.00
2025-12-10 14:58:37 | temperature | 22.40
2025-12-10 14:58:37 | humidity   | 78.00
2025-12-10 14:58:40 | temperature | 22.20
2025-12-10 14:58:40 | humidity   | 78.00
2025-12-10 14:58:43 | temperature | 22.20
2025-12-10 14:58:43 | humidity   | 78.00
2025-12-10 14:58:46 | temperature | 22.00
2025-12-10 14:58:46 | humidity   | 78.00
2025-12-10 14:58:49 | temperature | 22.10
2025-12-10 14:58:49 | humidity   | 78.00
2025-12-10 14:58:52 | temperature | 22.20
2025-12-10 14:58:52 | humidity   | 78.00
2025-12-10 14:58:55 | temperature | 22.80
2025-12-10 14:58:55 | humidity   | 78.00
2025-12-10 14:58:58 | temperature | 22.50
2025-12-10 14:58:58 | humidity   | 78.00
2025-12-10 14:59:01 | temperature | 22.80
2025-12-10 14:59:01 | humidity   | 78.00
2025-12-10 14:59:04 | temperature | 22.40
2025-12-10 14:59:04 | humidity   | 78.00
2025-12-10 14:59:07 | temperature | 22.20
2025-12-10 14:59:07 | humidity   | 78.00
2025-12-10 14:59:10 | temperature | 22.80
2025-12-10 14:59:10 | humidity   | 78.00
2025-12-10 14:59:13 | temperature | 22.50
2025-12-10 14:59:13 | humidity   | 78.00
2025-12-10 14:59:16 | temperature | 22.00
2025-12-10 14:59:16 | humidity   | 78.00
2025-12-10 14:59:19 | temperature | 22.50
2025-12-10 14:59:19 | humidity   | 78.00
2025-12-10 14:59:22 | temperature | 22.70
2025-12-10 14:59:22 | humidity   | 78.00
2025-12-10 14:59:25 | temperature | 22.30
2025-12-10 14:59:25 | humidity   | 78.00
2025-12-10 14:59:28 | temperature | 22.60
2025-12-10 14:59:28 | humidity   | 78.00
2025-12-10 14:59:31 | temperature | 22.10
2025-12-10 14:59:31 | humidity   | 78.00
2025-12-10 14:59:34 | temperature | 22.40
2025-12-10 14:59:34 | humidity   | 78.00
2025-12-10 14:59:37 | temperature | 22.80
2025-12-10 14:59:37 | humidity   | 78.00
2025-12-10 14:59:40 | temperature | 22.00
2025-12-10 14:59:40 | humidity   | 78.00
2025-12-10 14:59:43 | temperature | 22.60
2025-12-10 14:59:43 | humidity   | 78.00
2025-12-10 14:59:46 | temperature | 22.60
2025-12-10 14:59:46 | humidity   | 78.00
2025-12-10 14:59:49 | temperature | 22.50
2025-12-10 14:59:49 | humidity   | 77.00
2025-12-10 14:59:52 | temperature | 22.70
2025-12-10 14:59:52 | humidity   | 78.00
2025-12-10 14:59:55 | temperature | 22.70
2025-12-10 14:59:55 | humidity   | 78.00
2025-12-10 14:59:58 | temperature | 22.70
2025-12-10 14:59:58 | humidity   | 78.00
2025-12-10 15:00:01 | temperature | 22.00
2025-12-10 15:00:01 | humidity   | 78.00
2025-12-10 15:00:04 | temperature | 22.20
2025-12-10 15:00:04 | humidity   | 78.00
2025-12-10 15:00:07 | temperature | 22.30
2025-12-10 15:00:07 | humidity   | 78.00
2025-12-10 15:00:10 | temperature | 22.30
2025-12-10 15:00:10 | humidity   | 78.00
2025-12-10 15:00:13 | temperature | 22.80
2025-12-10 15:00:13 | humidity   | 78.00
2025-12-10 15:00:16 | temperature | 22.70
2025-12-10 15:00:16 | humidity   | 78.00
2025-12-10 15:00:19 | temperature | 22.90
2025-12-10 15:00:19 | humidity   | 78.00
2025-12-10 15:00:22 | temperature | 22.30
2025-12-10 15:00:22 | humidity   | 78.00
2025-12-10 15:00:25 | temperature | 22.70
2025-12-10 15:00:25 | humidity   | 78.00
2025-12-10 15:00:28 | temperature | 22.60
2025-12-10 15:00:28 | humidity   | 78.00
2025-12-10 15:00:31 | temperature | 22.10
2025-12-10 15:00:31 | humidity   | 78.00
2025-12-10 15:00:34 | temperature | 22.60
2025-12-10 15:00:34 | humidity   | 78.00
2025-12-10 15:00:37 | temperature | 22.80
2025-12-10 15:00:37 | humidity   | 78.00
2025-12-10 15:00:40 | humidity   | 78.00
2025-12-10 15:00:40 | temperature | 22.30
2025-12-10 15:00:43 | temperature | 22.60
2025-12-10 15:00:43 | humidity   | 78.00
2025-12-10 15:00:46 | temperature | 22.90
2025-12-10 15:00:46 | humidity   | 78.00
2025-12-10 15:00:49 | temperature | 22.50
2025-12-10 15:00:49 | humidity   | 78.00
2025-12-10 15:00:52 | temperature | 22.80
2025-12-10 15:00:52 | humidity   | 78.00
2025-12-10 15:00:55 | temperature | 22.00
2025-12-10 15:00:55 | humidity   | 78.00
2025-12-10 15:00:58 | temperature | 22.50
2025-12-10 15:00:58 | humidity   | 78.00
2025-12-10 15:01:01 | temperature | 22.50
2025-12-10 15:01:01 | humidity   | 78.00
2025-12-10 15:01:04 | temperature | 22.90
2025-12-10 15:01:04 | humidity   | 78.00
2025-12-10 15:01:07 | temperature | 22.70
2025-12-10 15:01:07 | humidity   | 78.00
2025-12-10 15:01:10 | temperature | 22.80
2025-12-10 15:01:10 | humidity   | 78.00
2025-12-10 15:01:13 | temperature | 22.10
2025-12-10 15:01:16 | humidity   | 78.00
2025-12-10 15:01:16 | temperature | 22.40
2025-12-10 15:01:16 | humidity   | 78.00
2025-12-10 15:01:19 | temperature | 22.30
2025-12-10 15:01:19 | humidity   | 78.00
2025-12-10 15:01:22 | temperature | 22.20
2025-12-10 15:01:22 | humidity   | 78.00
2025-12-10 15:01:25 | temperature | 22.80
2025-12-10 15:01:25 | humidity   | 78.00
2025-12-10 15:01:28 | temperature | 22.50
2025-12-10 15:01:28 | humidity   | 78.00
2025-12-10 15:01:31 | temperature | 22.00
2025-12-10 15:01:31 | humidity   | 78.00
2025-12-10 15:01:34 | temperature | 22.70
2025-12-10 15:01:34 | humidity   | 78.00
2025-12-10 15:01:37 | temperature | 22.90
2025-12-10 15:01:37 | humidity   | 78.00
2025-12-10 15:01:40 | temperature | 22.50
2025-12-10 15:01:40 | humidity   | 78.00
2025-12-10 15:01:43 | temperature | 22.00
2025-12-10 15:01:43 | humidity   | 78.00
2025-12-10 15:01:46 | temperature | 22.70
2025-12-10 15:01:47 | humidity   | 78.00
2025-12-10 15:01:49 | temperature | 22.90
2025-12-10 15:01:49 | humidity   | 78.00
2025-12-10 15:01:52 | temperature | 22.30
2025-12-10 15:01:52 | humidity   | 78.00
2025-12-10 15:01:55 | temperature | 22.10
2025-12-10 15:01:55 | humidity   | 78.00
2025-12-10 15:01:58 | temperature | 22.60
2025-12-10 15:01:58 | humidity   | 78.00
2025-12-10 15:02:01 | temperature | 22.10
2025-12-10 15:02:01 | humidity   | 78.00
2025-12-10 15:02:04 | temperature | 22.80
2025-12-10 15:02:04 | humidity   | 78.00
2025-12-10 15:02:07 | temperature | 22.00
2025-12-10 15:02:07 | humidity   | 78.00
2025-12-10 15:02:10 | temperature | 22.50
2025-12-10 15:02:10 | humidity   | 78.00
2025-12-10 15:02:13 | temperature | 22.90
2025-12-10 15:02:13 | humidity   | 78.00
2025-12-10 15:02:16 | temperature | 22.20
2025-12-10 15:02:16 | humidity   | 78.00
2025-12-10 15:02:19 | temperature | 22.50
2025-12-10 15:02:19 | humidity   | 78.00
2025-12-10 15:02:22 | temperature | 22.90
2025-12-10 15:02:22 | humidity   | 78.00
2025-12-10 15:02:25 | temperature | 22.70
2025-12-10 15:02:25 | humidity   | 78.00
2025-12-10 15:02:28 | temperature | 22.00
2025-12-10 15:02:28 | humidity   | 78.00
2025-12-10 15:02:31 | temperature | 22.30
2025-12-10 15:02:31 | humidity   | 78.00
2025-12-10 15:02:34 | temperature | 22.10
2025-12-10 15:02:34 | humidity   | 78.00
2025-12-10 15:02:37 | temperature | 22.00
2025-12-10 15:02:37 | humidity   | 78.00
2025-12-10 15:02:40 | temperature | 22.00
2025-12-10 15:02:40 | humidity   | 78.00
2025-12-10 15:02:43 | temperature | 22.60
2025-12-10 15:02:44 | humidity   | 78.00
2025-12-10 15:02:46 | temperature | 22.60
2025-12-10 15:02:46 | humidity   | 78.00
2025-12-10 15:02:49 | temperature | 22.10
2025-12-10 15:02:49 | humidity   | 78.00
2025-12-10 15:02:52 | temperature | 22.10
2025-12-10 15:02:52 | humidity   | 78.00
2025-12-10 15:02:55 | temperature | 22.80
2025-12-10 15:02:55 | humidity   | 78.00
2025-12-10 15:02:58 | temperature | 22.50
2025-12-10 15:02:58 | humidity   | 78.00
2025-12-10 15:03:01 | temperature | 22.50
2025-12-10 15:03:01 | humidity   | 78.00
2025-12-10 15:03:04 | temperature | 22.60
2025-12-10 15:03:04 | humidity   | 78.00
2025-12-10 15:03:07 | temperature | 22.20
2025-12-10 15:03:07 | humidity   | 78.00
2025-12-10 15:03:10 | temperature | 22.70
2025-12-10 15:03:10 | humidity   | 78.00
2025-12-10 15:03:13 | temperature | 22.70
2025-12-10 15:03:13 | humidity   | 78.00
2025-12-10 15:03:16 | temperature | 22.00
2025-12-10 15:03:16 | humidity   | 78.00
2025-12-10 15:03:19 | temperature | 22.60
2025-12-10 15:03:19 | humidity   | 78.00
2025-12-10 15:03:22 | temperature | 22.60
2025-12-10 15:03:22 | humidity   | 78.00
2025-12-10 15:03:25 | temperature | 22.30
2025-12-10 15:03:25 | humidity   | 78.00
2025-12-10 15:03:28 | temperature | 22.60
2025-12-10 15:03:28 | humidity   | 78.00
2025-12-10 15:03:31 | temperature | 22.60
2025-12-10 15:03:31 | humidity   | 78.00
2025-12-10 15:03:34 | temperature | 22.20
2025-12-10 15:03:34 | humidity   | 78.00
2025-12-10 15:03:37 | temperature | 22.50
2025-12-10 15:03:37 | humidity   | 78.00
2025-12-10 15:03:40 | temperature | 22.00
2025-12-10 15:03:40 | humidity   | 78.00
2025-12-10 15:03:43 | temperature | 22.20
2025-12-10 15:03:43 | humidity   | 78.00
2025-12-10 15:03:46 | temperature | 22.20
2025-12-10 15:03:46 | humidity   | 78.00
2025-12-10 15:03:49 | temperature | 22.00
2025-12-10 15:03:49 | humidity   | 78.00
2025-12-10 15:03:52 | temperature | 22.30
2025-12-10 15:03:52 | humidity   | 78.00
2025-12-10 15:03:55 | temperature | 22.80
2025-12-10 15:03:55 | humidity   | 78.00
2025-12-10 15:03:58 | temperature | 22.70
2025-12-10 15:03:58 | humidity   | 78.00
2025-12-10 15:04:01 | temperature | 22.80
2025-12-10 15:04:01 | humidity   | 78.00
2025-12-10 15:04:04 | temperature | 22.10
2025-12-10 15:04:04 | humidity   | 78.00
2025-12-10 15:04:07 | temperature | 22.60
2025-12-10 15:04:07 | humidity   | 78.00
2025-12-10 15:04:10 | temperature | 22.00
2025-12-10 15:04:10 | humidity   | 78.00
2025-12-10 15:04:13 | temperature | 22.10
2025-12-10 15:04:13 | humidity   | 78.00
2025-12-10 15:04:16 | temperature | 22.10
2025-12-10 15:04:16 | humidity   | 79.00
2025-12-10 15:04:19 | temperature | 22.40
2025-12-10 15:04:19 | humidity   | 79.00
2025-12-10 15:04:22 | temperature | 22.00
2025-12-10 15:04:22 | humidity   | 79.00
2025-12-10 15:04:25 | temperature | 22.60
2025-12-10 15:04:25 | humidity   | 79.00
2025-12-10 15:04:28 | temperature | 22.30
2025-12-10 15:04:28 | humidity   | 79.00
2025-12-10 15:04:31 | temperature | 22.20
2025-12-10 15:04:31 | humidity   | 79.00
2025-12-10 15:04:34 | temperature | 22.20
2025-12-10 15:04:34 | humidity   | 79.00
2025-12-10 15:04:37 | temperature | 22.40
2025-12-10 15:04:37 | humidity   | 78.00
2025-12-10 15:04:40 | temperature | 22.30
2025-12-10 15:04:40 | humidity   | 78.00
2025-12-10 15:04:43 | temperature | 22.80
2025-12-10 15:04:43 | humidity   | 78.00
2025-12-10 15:04:46 | temperature | 22.30
2025-12-10 15:04:46 | humidity   | 79.00
2025-12-10 15:04:49 | temperature | 22.90
2025-12-10 15:04:49 | humidity   | 78.00
2025-12-10 15:04:52 | temperature | 22.70
2025-12-10 15:04:52 | humidity   | 78.00
2025-12-10 15:04:55 | temperature | 22.10
2025-12-10 15:04:55 | humidity   | 78.00
2025-12-10 15:04:58 | temperature | 22.60
2025-12-10 15:04:58 | humidity   | 78.00
2025-12-10 15:05:01 | temperature | 22.50
2025-12-10 15:05:01 | humidity   | 78.00
2025-12-10 15:05:04 | temperature | 22.20
2025-12-10 15:05:04 | humidity   | 78.00
2025-12-10 15:05:07 | temperature | 22.20
2025-12-10 15:05:07 | humidity   | 78.00
2025-12-10 15:05:10 | temperature | 22.90
2025-12-10 15:05:10 | humidity   | 78.00
2025-12-10 15:05:13 | temperature | 22.90
2025-12-10 15:05:13 | humidity   | 78.00
2025-12-10 15:05:16 | temperature | 22.70
2025-12-10 15:05:16 | humidity   | 78.00
2025-12-10 15:05:19 | temperature | 22.70
2025-12-10 15:05:19 | humidity   | 78.00
2025-12-10 15:05:22 | temperature | 22.50
2025-12-10 15:05:22 | humidity   | 78.00
2025-12-10 15:05:25 | temperature | 22.70
2025-12-10 15:05:25 | humidity   | 78.00
2025-12-10 15:05:28 | temperature | 22.80
2025-12-10 15:05:28 | humidity   | 78.00
2025-12-10 15:05:31 | temperature | 22.70
2025-12-10 15:05:31 | humidity   | 78.00
2025-12-10 15:05:34 | temperature | 22.90
2025-12-10 15:05:34 | humidity   | 78.00
2025-12-10 15:05:37 | temperature | 22.40
2025-12-10 15:05:37 | humidity   | 78.00
2025-12-10 15:05:40 | temperature | 22.00
2025-12-10 15:05:40 | humidity   | 78.00
2025-12-10 15:05:43 | temperature | 22.40
2025-12-10 15:05:43 | humidity   | 78.00
2025-12-10 15:05:46 | temperature | 22.20
2025-12-10 15:05:46 | humidity   | 78.00
2025-12-10 15:05:49 | temperature | 22.40
2025-12-10 15:05:49 | humidity   | 78.00
2025-12-10 15:05:52 | temperature | 22.10
2025-12-10 15:05:52 | humidity   | 78.00
2025-12-10 15:05:55 | temperature | 22.90
2025-12-10 15:05:55 | humidity   | 78.00
2025-12-10 15:05:58 | temperature | 22.60
2025-12-10 15:05:58 | humidity   | 78.00
2025-12-10 15:06:01 | temperature | 22.50
2025-12-10 15:06:01 | humidity   | 78.00
2025-12-10 15:06:04 | temperature | 22.00
2025-12-10 15:06:04 | humidity   | 78.00
2025-12-10 15:06:07 | temperature | 22.80
2025-12-10 15:06:07 | humidity   | 78.00
2025-12-10 15:06:10 | temperature | 22.70
2025-12-10 15:06:10 | humidity   | 78.00
2025-12-10 15:06:13 | temperature | 22.70
2025-12-10 15:06:13 | humidity   | 78.00
2025-12-10 15:06:16 | temperature | 22.80
2025-12-10 15:06:16 | humidity   | 78.00
2025-12-10 15:06:19 | temperature | 22.60
2025-12-10 15:06:19 | humidity   | 78.00
2025-12-10 15:06:22 | temperature | 22.10
2025-12-10 15:06:22 | humidity   | 78.00
2025-12-10 15:06:25 | temperature | 22.50
2025-12-10 15:06:25 | humidity   | 78.00
2025-12-10 15:06:28 | temperature | 22.10
2025-12-10 15:06:28 | humidity   | 78.00
2025-12-10 15:06:31 | temperature | 22.50
2025-12-10 15:06:31 | humidity   | 78.00
2025-12-10 15:06:34 | temperature | 22.10
2025-12-10 15:06:34 | humidity   | 78.00
2025-12-10 15:06:37 | temperature | 22.40
2025-12-10 15:06:37 | humidity   | 78.00
2025-12-10 15:06:40 | temperature | 22.40
2025-12-10 15:06:40 | humidity   | 78.00
2025-12-10 15:06:43 | temperature | 22.40
2025-12-10 15:06:43 | humidity   | 78.00
2025-12-10 15:06:46 | temperature | 22.40
2025-12-10 15:06:46 | humidity   | 78.00
2025-12-10 15:06:49 | temperature | 22.90
2025-12-10 15:06:49 | humidity   | 78.00
2025-12-10 15:06:52 | temperature | 22.10
2025-12-10 15:06:52 | humidity   | 78.00
2025-12-10 15:06:55 | temperature | 22.40
2025-12-10 15:06:55 | humidity   | 78.00
2025-12-10 15:06:58 | temperature | 22.70
2025-12-10 15:06:58 | humidity   | 78.00
2025-12-10 15:07:01 | temperature | 22.70
2025-12-10 15:07:01 | humidity   | 78.00
2025-12-10 15:07:04 | temperature | 22.20
2025-12-10 15:07:04 | humidity   | 78.00
2025-12-10 15:07:07 | temperature | 22.40
2025-12-10 15:07:07 | humidity   | 77.00
2025-12-10 15:07:10 | temperature | 22.80
2025-12-10 15:07:10 | humidity   | 78.00
2025-12-10 15:07:13 | temperature | 22.50
2025-12-10 15:07:13 | humidity   | 78.00
2025-12-10 15:07:16 | temperature | 22.90
2025-12-10 15:07:16 | humidity   | 78.00
2025-12-10 15:07:19 | temperature | 22.00
2025-12-10 15:07:19 | humidity   | 78.00
2025-12-10 15:07:22 | temperature | 22.60
2025-12-10 15:07:22 | humidity   | 78.00
2025-12-10 15:07:25 | temperature | 22.80
2025-12-10 15:07:25 | humidity   | 77.00
2025-12-10 15:07:28 | temperature | 22.10
2025-12-10 15:07:28 | humidity   | 78.00
2025-12-10 15:07:31 | temperature | 22.20
2025-12-10 15:07:31 | humidity   | 78.00
2025-12-10 15:07:34 | temperature | 22.30
2025-12-10 15:07:34 | humidity   | 78.00
2025-12-10 15:07:37 | temperature | 22.40
2025-12-10 15:07:37 | humidity   | 78.00
2025-12-10 15:07:40 | temperature | 22.20
2025-12-10 15:07:40 | humidity   | 78.00
2025-12-10 15:07:43 | temperature | 22.40
2025-12-10 15:07:43 | humidity   | 78.00
2025-12-10 15:07:46 | temperature | 22.20
2025-12-10 15:07:46 | humidity   | 78.00
2025-12-10 15:07:49 | temperature | 22.30
2025-12-10 15:07:49 | humidity   | 78.00
2025-12-10 15:07:52 | temperature | 22.10
2025-12-10 15:07:52 | humidity   | 78.00
2025-12-10 15:07:55 | temperature | 22.40
2025-12-10 15:07:55 | humidity   | 78.00
2025-12-10 15:07:58 | temperature | 22.30
2025-12-10 15:07:59 | humidity   | 78.00
2025-12-10 15:08:01 | temperature | 22.20
2025-12-10 15:08:01 | humidity   | 78.00
2025-12-10 15:08:04 | temperature | 22.10
2025-12-10 15:08:04 | humidity   | 77.00
2025-12-10 15:08:07 | temperature | 22.30
2025-12-10 15:08:07 | humidity   | 78.00
2025-12-10 15:08:10 | temperature | 22.50
2025-12-10 15:08:10 | humidity   | 77.00
2025-12-10 15:08:13 | temperature | 22.90
2025-12-10 15:08:13 | humidity   | 77.00
2025-12-10 15:08:16 | temperature | 22.30
2025-12-10 15:08:16 | humidity   | 77.00
2025-12-10 15:08:19 | temperature | 22.80
2025-12-10 15:08:19 | humidity   | 77.00
2025-12-10 15:08:22 | temperature | 22.40
2025-12-10 15:08:22 | humidity   | 77.00
2025-12-10 15:08:25 | temperature | 22.60
2025-12-10 15:08:25 | humidity   | 77.00
2025-12-10 15:08:28 | temperature | 22.10
2025-12-10 15:08:28 | humidity   | 77.00
2025-12-10 15:08:31 | temperature | 22.80
2025-12-10 15:08:31 | humidity   | 77.00
2025-12-10 15:08:34 | temperature | 22.00
2025-12-10 15:08:34 | humidity   | 77.00
2025-12-10 15:08:37 | temperature | 22.50
2025-12-10 15:08:37 | humidity   | 77.00
2025-12-10 15:08:40 | temperature | 22.40
2025-12-10 15:08:40 | humidity   | 77.00
2025-12-10 15:08:43 | temperature | 22.50
2025-12-10 15:08:43 | humidity   | 77.00
2025-12-10 15:08:46 | temperature | 22.70
2025-12-10 15:08:46 | humidity   | 77.00
2025-12-10 15:08:49 | temperature | 22.50
2025-12-10 15:08:49 | humidity   | 77.00
2025-12-10 15:08:52 | temperature | 22.70
2025-12-10 15:08:52 | humidity   | 77.00
2025-12-10 15:08:55 | temperature | 22.00
2025-12-10 15:08:55 | humidity   | 77.00
2025-12-10 15:08:58 | temperature | 22.90
2025-12-10 15:08:58 | humidity   | 77.00
2025-12-10 15:09:01 | temperature | 22.00
2025-12-10 15:09:01 | humidity   | 77.00
2025-12-10 15:09:04 | temperature | 22.30
2025-12-10 15:09:04 | humidity   | 77.00
2025-12-10 15:09:07 | temperature | 22.20
2025-12-10 15:09:07 | humidity   | 77.00
2025-12-10 15:09:10 | temperature | 22.00
2025-12-10 15:09:10 | humidity   | 77.00
2025-12-10 15:09:13 | temperature | 22.40
2025-12-10 15:09:13 | humidity   | 77.00
2025-12-10 15:09:16 | temperature | 22.80
2025-12-10 15:09:16 | humidity   | 77.00
2025-12-10 15:09:19 | temperature | 22.70
2025-12-10 15:09:19 | humidity   | 77.00
2025-12-10 15:09:22 | temperature | 22.10
2025-12-10 15:09:22 | humidity   | 77.00
2025-12-10 15:09:25 | temperature | 22.70
2025-12-10 15:09:25 | humidity   | 77.00
2025-12-10 15:09:28 | temperature | 22.10
2025-12-10 15:09:28 | humidity   | 77.00
2025-12-10 15:09:31 | temperature | 22.70
2025-12-10 15:09:31 | humidity   | 77.00
2025-12-10 15:09:34 | temperature | 22.30
2025-12-10 15:09:34 | humidity   | 77.00
2025-12-10 15:09:37 | temperature | 22.40
2025-12-10 15:09:37 | humidity   | 77.00
2025-12-10 15:09:40 | temperature | 22.30
2025-12-10 15:09:40 | humidity   | 77.00
2025-12-10 15:09:43 | temperature | 22.70
2025-12-10 15:09:43 | humidity   | 77.00
2025-12-10 15:09:46 | temperature | 22.50
2025-12-10 15:09:46 | humidity   | 77.00
2025-12-10 15:09:49 | temperature | 22.70
2025-12-10 15:09:49 | humidity   | 77.00
2025-12-10 15:09:52 | temperature | 22.00
2025-12-10 15:09:52 | humidity   | 77.00
2025-12-10 15:09:55 | temperature | 22.50
2025-12-10 15:09:55 | humidity   | 77.00
2025-12-10 15:09:58 | temperature | 22.20
2025-12-10 15:09:58 | humidity   | 77.00
2025-12-10 15:10:01 | temperature | 22.90
2025-12-10 15:10:01 | humidity   | 77.00
2025-12-10 15:10:04 | temperature | 22.80
2025-12-10 15:10:04 | humidity   | 77.00
2025-12-10 15:10:07 | temperature | 22.70
2025-12-10 15:10:07 | humidity   | 77.00
2025-12-10 15:10:10 | temperature | 22.30
2025-12-10 15:10:10 | humidity   | 77.00
2025-12-10 15:10:13 | temperature | 22.60
2025-12-10 15:10:13 | humidity   | 77.00
2025-12-10 15:10:16 | temperature | 22.90
2025-12-10 15:10:16 | humidity   | 77.00
2025-12-10 15:10:19 | temperature | 22.20
2025-12-10 15:10:19 | humidity   | 77.00
2025-12-10 15:10:22 | temperature | 22.10
2025-12-10 15:10:22 | humidity   | 77.00
2025-12-10 15:10:25 | temperature | 22.00
2025-12-10 15:10:25 | humidity   | 77.00
2025-12-10 15:10:28 | temperature | 22.70
2025-12-10 15:10:29 | humidity   | 77.00
2025-12-10 15:10:31 | temperature | 22.30
2025-12-10 15:10:31 | humidity   | 77.00
2025-12-10 15:10:34 | temperature | 22.50
2025-12-10 15:10:34 | humidity   | 77.00
2025-12-10 15:10:37 | temperature | 22.50
2025-12-10 15:10:37 | humidity   | 77.00
2025-12-10 15:10:40 | temperature | 22.60
2025-12-10 15:10:40 | humidity   | 77.00
2025-12-10 15:10:43 | temperature | 22.80
2025-12-10 15:10:43 | humidity   | 77.00
2025-12-10 15:10:46 | temperature | 22.50
2025-12-10 15:10:46 | humidity   | 77.00
2025-12-10 15:10:49 | temperature | 22.00
2025-12-10 15:10:49 | humidity   | 77.00
2025-12-10 15:10:52 | temperature | 22.20
2025-12-10 15:10:52 | humidity   | 77.00
2025-12-10 15:10:55 | temperature | 22.80
2025-12-10 15:10:55 | humidity   | 77.00
2025-12-10 15:10:58 | temperature | 22.50
2025-12-10 15:10:58 | humidity   | 77.00
2025-12-10 15:11:01 | temperature | 22.30
2025-12-10 15:11:01 | humidity   | 77.00
2025-12-10 15:11:04 | temperature | 22.10
2025-12-10 15:11:04 | humidity   | 77.00
2025-12-10 15:11:07 | temperature | 22.60
2025-12-10 15:11:07 | humidity   | 77.00
2025-12-10 15:11:10 | temperature | 22.10
2025-12-10 15:11:10 | humidity   | 77.00
2025-12-10 15:11:13 | temperature | 22.60
2025-12-10 15:11:13 | humidity   | 77.00
2025-12-10 15:11:16 | temperature | 22.80
2025-12-10 15:11:16 | humidity   | 77.00
2025-12-10 15:11:19 | temperature | 22.40
2025-12-10 15:11:19 | humidity   | 77.00
2025-12-10 15:11:22 | temperature | 22.60
2025-12-10 15:11:22 | humidity   | 77.00
2025-12-10 15:11:25 | temperature | 22.30
2025-12-10 15:11:25 | humidity   | 77.00
2025-12-10 15:11:28 | temperature | 22.30
2025-12-10 15:11:28 | humidity   | 77.00
2025-12-10 15:11:31 | temperature | 22.80
2025-12-10 15:11:31 | humidity   | 77.00
2025-12-10 15:11:34 | temperature | 22.50
2025-12-10 15:11:34 | humidity   | 77.00
2025-12-10 15:11:37 | temperature | 22.80
2025-12-10 15:11:37 | humidity   | 77.00
2025-12-10 15:11:40 | temperature | 22.90
2025-12-10 15:11:40 | humidity   | 77.00
2025-12-10 15:11:43 | temperature | 22.40
2025-12-10 15:11:43 | humidity   | 77.00
2025-12-10 15:11:46 | temperature | 22.50
2025-12-10 15:11:46 | humidity   | 77.00
2025-12-10 15:11:49 | temperature | 22.70
2025-12-10 15:11:49 | humidity   | 77.00
2025-12-10 15:11:52 | temperature | 22.50
2025-12-10 15:11:52 | humidity   | 77.00
2025-12-10 15:11:55 | temperature | 22.60
2025-12-10 15:11:55 | humidity   | 77.00
2025-12-10 15:11:58 | temperature | 22.40
2025-12-10 15:11:58 | humidity   | 77.00
2025-12-10 15:12:01 | temperature | 22.50
2025-12-10 15:12:01 | humidity   | 77.00
2025-12-10 15:12:04 | temperature | 22.50
2025-12-10 15:12:04 | humidity   | 77.00
2025-12-10 15:12:07 | temperature | 22.50
2025-12-10 15:12:07 | humidity   | 77.00
2025-12-10 15:12:10 | temperature | 22.30
2025-12-10 15:12:10 | humidity   | 77.00
2025-12-10 15:12:13 | temperature | 22.00
2025-12-10 15:12:13 | humidity   | 77.00
2025-12-10 15:12:16 | temperature | 22.90
2025-12-10 15:12:17 | humidity   | 77.00
2025-12-10 15:12:19 | temperature | 22.70
2025-12-10 15:12:20 | humidity   | 77.00
2025-12-10 15:12:22 | temperature | 22.80
2025-12-10 15:12:22 | humidity   | 77.00
2025-12-10 15:12:25 | temperature | 22.30
2025-12-10 15:12:25 | humidity   | 77.00
2025-12-10 15:12:28 | temperature | 22.10
2025-12-10 15:12:29 | humidity   | 77.00
2025-12-10 15:12:31 | temperature | 22.90
2025-12-10 15:12:32 | humidity   | 77.00
2025-12-10 15:12:34 | temperature | 22.50
2025-12-10 15:12:34 | humidity   | 77.00
2025-12-10 15:12:37 | temperature | 22.30
2025-12-10 15:12:37 | humidity   | 77.00
2025-12-10 15:12:40 | temperature | 22.70
2025-12-10 15:12:41 | humidity   | 77.00
2025-12-10 15:12:43 | temperature | 22.40
2025-12-10 15:12:43 | humidity   | 77.00
2025-12-10 15:12:46 | temperature | 22.20
2025-12-10 15:12:46 | humidity   | 76.00
2025-12-10 15:12:49 | temperature | 22.00
2025-12-10 15:12:49 | humidity   | 77.00
2025-12-10 15:12:52 | temperature | 22.50
2025-12-10 15:12:53 | humidity   | 77.00
2025-12-10 15:12:55 | temperature | 22.00
2025-12-10 15:12:56 | humidity   | 77.00
2025-12-10 15:12:58 | temperature | 22.90
2025-12-10 15:12:58 | humidity   | 76.00
2025-12-10 15:13:01 | temperature | 22.70
2025-12-10 15:13:01 | humidity   | 76.00
2025-12-10 15:13:04 | temperature | 22.60
2025-12-10 15:13:04 | humidity   | 76.00
2025-12-10 15:13:07 | temperature | 22.90
2025-12-10 15:13:07 | humidity   | 76.00
2025-12-10 15:13:10 | temperature | 22.00
2025-12-10 15:13:10 | humidity   | 77.00
2025-12-10 15:13:13 | temperature | 22.60
2025-12-10 15:13:13 | humidity   | 77.00
2025-12-10 15:13:16 | temperature | 22.70
2025-12-10 15:13:16 | humidity   | 76.00
2025-12-10 15:13:19 | temperature | 22.90
2025-12-10 15:13:20 | humidity   | 76.00
2025-12-10 15:13:22 | temperature | 22.50
2025-12-10 15:13:23 | humidity   | 76.00
2025-12-10 15:13:25 | temperature | 22.80
2025-12-10 15:13:25 | humidity   | 76.00
2025-12-10 15:13:29 | temperature | 22.90
2025-12-10 15:13:29 | humidity   | 76.00
2025-12-10 15:13:31 | temperature | 22.50
2025-12-10 15:13:32 | humidity   | 77.00
2025-12-10 15:13:34 | temperature | 22.40
2025-12-10 15:13:35 | humidity   | 77.00
2025-12-10 15:13:37 | temperature | 22.50
2025-12-10 15:13:38 | humidity   | 77.00
2025-12-10 15:13:40 | temperature | 22.70
2025-12-10 15:13:41 | humidity   | 77.00
2025-12-10 15:13:43 | temperature | 22.80
2025-12-10 15:13:44 | humidity   | 76.00
2025-12-10 15:13:46 | temperature | 22.20
2025-12-10 15:13:47 | humidity   | 76.00
2025-12-10 15:13:49 | temperature | 22.70
2025-12-10 15:13:50 | humidity   | 76.00
2025-12-10 15:13:52 | temperature | 22.90
2025-12-10 15:13:53 | humidity   | 76.00
2025-12-10 15:13:55 | temperature | 22.10
2025-12-10 15:13:55 | humidity   | 76.00
2025-12-10 15:13:58 | temperature | 22.80
2025-12-10 15:13:58 | humidity   | 76.00
2025-12-10 15:14:01 | temperature | 22.60
2025-12-10 15:14:02 | humidity   | 76.00
2025-12-10 15:14:04 | temperature | 22.40
2025-12-10 15:14:04 | humidity   | 75.00
2025-12-10 15:14:07 | temperature | 22.40
2025-12-10 15:14:07 | humidity   | 75.00
2025-12-10 15:14:10 | temperature | 22.20
2025-12-10 15:14:11 | humidity   | 75.00
2025-12-10 15:14:13 | temperature | 22.00
2025-12-10 15:14:14 | humidity   | 75.00
2025-12-10 15:14:16 | temperature | 22.60
2025-12-10 15:14:16 | humidity   | 76.00
2025-12-10 15:14:19 | temperature | 22.60
2025-12-10 15:14:20 | humidity   | 76.00
2025-12-10 15:14:22 | temperature | 22.10
2025-12-10 15:14:23 | humidity   | 76.00
2025-12-10 15:14:25 | temperature | 22.40
2025-12-10 15:14:26 | humidity   | 76.00
2025-12-10 15:14:28 | temperature | 22.40
2025-12-10 15:14:29 | humidity   | 76.00
2025-12-10 15:14:31 | temperature | 22.40
2025-12-10 15:14:31 | humidity   | 77.00
2025-12-10 15:14:34 | temperature | 22.60
2025-12-10 15:14:34 | humidity   | 77.00
2025-12-10 15:14:37 | temperature | 22.40
2025-12-10 15:14:38 | humidity   | 76.00
2025-12-10 15:14:40 | temperature | 22.60
2025-12-10 15:14:41 | humidity   | 76.00
2025-12-10 15:14:43 | temperature | 22.70
2025-12-10 15:14:43 | humidity   | 76.00
2025-12-10 15:14:46 | temperature | 22.50
2025-12-10 15:14:46 | humidity   | 75.00
2025-12-10 15:14:49 | temperature | 22.90
2025-12-10 15:14:50 | humidity   | 75.00
2025-12-10 15:14:52 | temperature | 22.50
2025-12-10 15:14:53 | humidity   | 74.00
2025-12-10 15:14:55 | temperature | 22.90
2025-12-10 15:14:56 | humidity   | 74.00
2025-12-10 15:14:58 | temperature | 22.10
2025-12-10 15:14:59 | humidity   | 74.00
2025-12-10 15:15:01 | temperature | 22.00
2025-12-10 15:15:02 | humidity   | 74.00
2025-12-10 15:15:04 | temperature | 22.90
2025-12-10 15:15:05 | humidity   | 73.00
2025-12-10 15:15:07 | temperature | 22.60
2025-12-10 15:15:07 | humidity   | 73.00
2025-12-10 15:15:10 | temperature | 22.10
2025-12-10 15:15:10 | humidity   | 73.00
2025-12-10 15:15:13 | temperature | 22.00
2025-12-10 15:15:13 | humidity   | 73.00
2025-12-10 15:15:16 | temperature | 22.10
2025-12-10 15:15:17 | humidity   | 72.00
2025-12-10 15:15:19 | temperature | 22.30
2025-12-10 15:15:19 | humidity   | 73.00
2025-12-10 15:15:22 | temperature | 22.40
2025-12-10 15:15:22 | humidity   | 73.00
2025-12-10 15:15:25 | temperature | 22.50
2025-12-10 15:15:26 | humidity   | 73.00
2025-12-10 15:15:28 | temperature | 22.50
2025-12-10 15:15:28 | humidity   | 73.00
2025-12-10 15:15:31 | temperature | 22.80
2025-12-10 15:15:31 | humidity   | 72.00
2025-12-10 15:15:34 | temperature | 22.20
2025-12-10 15:15:34 | humidity   | 72.00
2025-12-10 15:15:37 | temperature | 22.50
2025-12-10 15:15:38 | humidity   | 72.00
2025-12-10 15:15:40 | temperature | 22.30
2025-12-10 15:15:40 | humidity   | 71.00
2025-12-10 15:15:43 | temperature | 22.40
2025-12-10 15:15:43 | humidity   | 72.00
2025-12-10 15:15:46 | temperature | 22.90
2025-12-10 15:15:46 | humidity   | 72.00
2025-12-10 15:15:49 | temperature | 22.30
2025-12-10 15:15:50 | humidity   | 72.00
2025-12-10 15:15:52 | temperature | 22.20
2025-12-10 15:15:52 | humidity   | 72.00
2025-12-10 15:15:55 | temperature | 22.50
2025-12-10 15:15:55 | humidity   | 71.00
2025-12-10 15:15:58 | temperature | 22.20
2025-12-10 15:15:58 | humidity   | 71.00
2025-12-10 15:16:01 | temperature | 22.60
2025-12-10 15:16:02 | humidity   | 71.00
2025-12-10 15:16:04 | temperature | 22.20
2025-12-10 15:16:04 | humidity   | 71.00
2025-12-10 15:16:07 | temperature | 22.80
2025-12-10 15:16:08 | humidity   | 71.00
2025-12-10 15:16:10 | temperature | 22.00
2025-12-10 15:16:10 | humidity   | 71.00
2025-12-10 15:16:13 | temperature | 22.40
2025-12-10 15:16:13 | humidity   | 71.00
2025-12-10 15:16:16 | temperature | 22.50
2025-12-10 15:16:17 | humidity   | 71.00
2025-12-10 15:16:19 | temperature | 22.60
2025-12-10 15:16:20 | humidity   | 71.00
2025-12-10 15:16:22 | temperature | 22.20
2025-12-10 15:16:22 | humidity   | 71.00
2025-12-10 15:16:25 | temperature | 22.80
2025-12-10 15:16:25 | humidity   | 70.00
2025-12-10 15:16:28 | temperature | 22.60
2025-12-10 15:16:29 | humidity   | 71.00
2025-12-10 15:16:31 | temperature | 22.80
2025-12-10 15:16:32 | humidity   | 70.00
2025-12-10 15:16:34 | temperature | 22.70
2025-12-10 15:16:34 | humidity   | 70.00
2025-12-10 15:16:37 | temperature | 22.30
2025-12-10 15:16:37 | humidity   | 70.00
2025-12-10 15:16:40 | temperature | 22.70
2025-12-10 15:16:41 | humidity   | 70.00
2025-12-10 15:16:43 | temperature | 22.60
2025-12-10 15:16:43 | humidity   | 70.00
2025-12-10 15:16:47 | temperature | 22.40
2025-12-10 15:16:48 | humidity   | 70.00
2025-12-10 15:16:49 | temperature | 22.20
2025-12-10 15:16:50 | humidity   | 70.00
2025-12-10 15:16:52 | temperature | 22.60
2025-12-10 15:16:52 | humidity   | 70.00
2025-12-10 15:16:55 | temperature | 22.40
2025-12-10 15:16:55 | humidity   | 71.00
2025-12-10 15:16:58 | temperature | 22.40
2025-12-10 15:16:59 | humidity   | 72.00
2025-12-10 15:17:01 | temperature | 22.70
2025-12-10 15:17:01 | humidity   | 72.00
2025-12-10 15:17:04 | temperature | 22.90
2025-12-10 15:17:04 | humidity   | 72.00
2025-12-10 15:17:07 | temperature | 22.80
2025-12-10 15:17:08 | humidity   | 72.00
2025-12-10 15:17:10 | temperature | 22.10
2025-12-10 15:17:10 | humidity   | 72.00
2025-12-10 15:17:13 | temperature | 22.40
2025-12-10 15:17:13 | humidity   | 72.00
2025-12-10 15:17:16 | temperature | 22.80
2025-12-10 15:17:17 | humidity   | 72.00
2025-12-10 15:17:19 | temperature | 22.00
2025-12-10 15:17:20 | humidity   | 72.00
2025-12-10 15:17:22 | temperature | 22.20
2025-12-10 15:17:22 | humidity   | 72.00
2025-12-10 15:17:25 | temperature | 22.80
2025-12-10 15:17:26 | humidity   | 72.00
2025-12-10 15:17:28 | temperature | 22.50
2025-12-10 15:17:28 | humidity   | 72.00
2025-12-10 15:17:31 | temperature | 22.50
2025-12-10 15:17:32 | humidity   | 72.00
2025-12-10 15:17:34 | temperature | 22.60
2025-12-10 15:17:34 | humidity   | 72.00
2025-12-10 15:17:37 | temperature | 22.70
2025-12-10 15:17:37 | humidity   | 72.00
2025-12-10 15:17:40 | temperature | 22.70
2025-12-10 15:17:40 | humidity   | 72.00
2025-12-10 15:17:43 | temperature | 22.00
2025-12-10 15:17:43 | humidity   | 71.00
2025-12-10 15:17:46 | temperature | 22.90
2025-12-10 15:17:47 | humidity   | 71.00
2025-12-10 15:17:49 | temperature | 22.00
2025-12-10 15:17:50 | humidity   | 71.00
2025-12-10 15:17:52 | temperature | 22.90
2025-12-10 15:17:52 | humidity   | 71.00
2025-12-10 15:17:55 | temperature | 22.40
2025-12-10 15:17:55 | humidity   | 71.00
2025-12-10 15:17:58 | temperature | 22.70
2025-12-10 15:17:59 | humidity   | 71.00
2025-12-10 15:18:01 | temperature | 22.70
2025-12-10 15:18:02 | humidity   | 71.00
2025-12-10 15:18:04 | temperature | 22.70
2025-12-10 15:18:05 | humidity   | 72.00
2025-12-10 15:18:07 | temperature | 22.80
2025-12-10 15:18:07 | humidity   | 73.00
2025-12-10 15:18:10 | temperature | 22.30
2025-12-10 15:18:10 | humidity   | 73.00
2025-12-10 15:18:13 | temperature | 22.30
2025-12-10 15:18:14 | humidity   | 73.00
2025-12-10 15:18:16 | temperature | 22.70
2025-12-10 15:18:17 | humidity   | 72.00
2025-12-10 15:18:19 | temperature | 22.10
2025-12-10 15:18:20 | humidity   | 72.00
2025-12-10 15:18:22 | temperature | 22.40
2025-12-10 15:18:22 | humidity   | 72.00
2025-12-10 15:18:25 | temperature | 22.40
2025-12-10 15:18:26 | humidity   | 72.00
2025-12-10 15:18:28 | temperature | 22.10
2025-12-10 15:18:28 | humidity   | 72.00
2025-12-10 15:18:31 | temperature | 22.30
2025-12-10 15:18:32 | humidity   | 72.00
2025-12-10 15:18:34 | temperature | 22.90
2025-12-10 15:18:34 | humidity   | 72.00
2025-12-10 15:18:37 | temperature | 22.90
2025-12-10 15:18:38 | humidity   | 73.00
2025-12-10 15:18:40 | temperature | 22.30
2025-12-10 15:18:40 | humidity   | 73.00
2025-12-10 15:18:43 | temperature | 22.40
2025-12-10 15:18:44 | humidity   | 73.00
2025-12-10 15:18:46 | temperature | 22.40
2025-12-10 15:18:47 | humidity   | 72.00
2025-12-10 15:18:49 | temperature | 22.10
2025-12-10 15:18:50 | humidity   | 72.00
2025-12-10 15:18:52 | temperature | 22.50
2025-12-10 15:18:52 | humidity   | 72.00
2025-12-10 15:18:55 | temperature | 22.50
2025-12-10 15:18:56 | humidity   | 72.00
2025-12-10 15:18:58 | temperature | 22.50
2025-12-10 15:18:59 | humidity   | 71.00
2025-12-10 15:19:01 | temperature | 22.60
2025-12-10 15:19:02 | humidity   | 71.00
2025-12-10 15:19:04 | temperature | 22.00
2025-12-10 15:19:05 | humidity   | 71.00
2025-12-10 15:19:07 | temperature | 22.20
2025-12-10 15:19:07 | humidity   | 71.00
2025-12-10 15:19:10 | temperature | 22.50
2025-12-10 15:19:10 | humidity   | 71.00
2025-12-10 15:19:13 | temperature | 22.80
2025-12-10 15:19:14 | humidity   | 71.00
2025-12-10 15:19:16 | temperature | 22.60
2025-12-10 15:19:16 | humidity   | 71.00
2025-12-10 15:19:19 | temperature | 22.20
2025-12-10 15:19:19 | humidity   | 71.00
2025-12-10 15:19:22 | temperature | 22.80
2025-12-10 15:19:23 | humidity   | 71.00
2025-12-10 15:19:25 | temperature | 22.40
2025-12-10 15:19:26 | humidity   | 71.00
2025-12-10 15:19:28 | temperature | 22.80
2025-12-10 15:19:29 | humidity   | 71.00
2025-12-10 15:19:31 | temperature | 22.60
2025-12-10 15:19:31 | humidity   | 71.00
2025-12-10 15:19:34 | temperature | 22.70
2025-12-10 15:19:35 | humidity   | 71.00
2025-12-10 15:19:37 | temperature | 22.90
2025-12-10 15:19:38 | humidity   | 71.00
2025-12-10 15:19:40 | temperature | 22.80
2025-12-10 15:19:40 | humidity   | 71.00
2025-12-10 15:19:43 | temperature | 22.10
2025-12-10 15:19:44 | humidity   | 71.00
2025-12-10 15:19:46 | temperature | 22.70
2025-12-10 15:19:47 | humidity   | 71.00
2025-12-10 15:19:49 | temperature | 22.20
2025-12-10 15:19:49 | humidity   | 71.00
2025-12-10 15:19:52 | temperature | 22.70
2025-12-10 15:19:53 | humidity   | 71.00
2025-12-10 15:19:55 | temperature | 22.40
2025-12-10 15:19:56 | humidity   | 71.00
2025-12-10 15:19:58 | temperature | 22.40
2025-12-10 15:19:58 | humidity   | 71.00
2025-12-10 15:20:01 | temperature | 22.40
2025-12-10 15:20:01 | humidity   | 71.00
2025-12-10 15:20:04 | temperature | 22.40
2025-12-10 15:20:05 | humidity   | 71.00
2025-12-10 15:20:07 | temperature | 22.40
2025-12-10 15:20:08 | humidity   | 71.00
2025-12-10 15:20:10 | temperature | 22.70
2025-12-10 15:20:10 | humidity   | 71.00
2025-12-10 15:20:13 | temperature | 22.90
2025-12-10 15:20:14 | humidity   | 71.00
2025-12-10 15:20:16 | temperature | 22.90
2025-12-10 15:20:17 | humidity   | 71.00
2025-12-10 15:20:19 | temperature | 22.20
2025-12-10 15:20:20 | humidity   | 71.00
2025-12-10 15:20:22 | temperature | 22.10
2025-12-10 15:20:23 | humidity   | 71.00
2025-12-10 15:20:25 | temperature | 22.30
2025-12-10 15:20:26 | humidity   | 70.00
2025-12-10 15:20:28 | temperature | 22.80
2025-12-10 15:20:28 | humidity   | 70.00
2025-12-10 15:20:31 | temperature | 22.80
2025-12-10 15:20:32 | humidity   | 70.00
2025-12-10 15:20:34 | temperature | 22.10
2025-12-10 15:20:35 | humidity   | 70.00
2025-12-10 15:20:37 | temperature | 22.40
2025-12-10 15:20:37 | humidity   | 70.00
2025-12-10 15:20:40 | temperature | 22.90
2025-12-10 15:20:40 | humidity   | 70.00
2025-12-10 15:20:43 | temperature | 22.40
2025-12-10 15:20:44 | humidity   | 70.00
2025-12-10 15:20:46 | temperature | 22.50
2025-12-10 15:20:47 | humidity   | 70.00
2025-12-10 15:20:49 | temperature | 22.80
2025-12-10 15:20:50 | humidity   | 70.00
2025-12-10 15:20:52 | temperature | 22.90
2025-12-10 15:20:52 | humidity   | 70.00
2025-12-10 15:20:55 | temperature | 22.20
2025-12-10 15:20:56 | humidity   | 70.00
2025-12-10 15:20:58 | temperature | 22.50
2025-12-10 15:20:58 | humidity   | 71.00
2025-12-10 15:21:01 | temperature | 22.00
2025-12-10 15:21:02 | humidity   | 72.00
2025-12-10 15:21:04 | temperature | 22.30
2025-12-10 15:21:05 | humidity   | 72.00
2025-12-10 15:21:07 | temperature | 22.80
2025-12-10 15:21:07 | humidity   | 72.00
2025-12-10 15:21:10 | temperature | 22.80
2025-12-10 15:21:11 | humidity   | 72.00
2025-12-10 15:21:14 | temperature | 22.30
2025-12-10 15:21:14 | humidity   | 72.00
2025-12-10 15:21:16 | temperature | 22.80
2025-12-10 15:21:16 | humidity   | 71.00
2025-12-10 15:21:19 | temperature | 22.90
2025-12-10 15:21:20 | humidity   | 71.00
2025-12-10 15:21:22 | temperature | 22.60
2025-12-10 15:21:23 | humidity   | 71.00
2025-12-10 15:21:25 | temperature | 22.40
2025-12-10 15:21:26 | humidity   | 71.00
2025-12-10 15:21:28 | temperature | 22.00
2025-12-10 15:21:29 | humidity   | 71.00
2025-12-10 15:21:31 | temperature | 22.50
2025-12-10 15:21:32 | humidity   | 71.00
2025-12-10 15:21:34 | temperature | 22.70
2025-12-10 15:21:35 | humidity   | 71.00
2025-12-10 15:21:37 | temperature | 22.40
2025-12-10 15:21:37 | humidity   | 71.00
2025-12-10 15:21:40 | temperature | 22.90
2025-12-10 15:21:41 | humidity   | 70.00
2025-12-10 15:21:43 | temperature | 22.20
2025-12-10 15:21:44 | humidity   | 70.00
2025-12-10 15:21:46 | temperature | 22.00
2025-12-10 15:21:46 | humidity   | 71.00
2025-12-10 15:21:49 | temperature | 22.00
2025-12-10 15:21:49 | humidity   | 72.00
2025-12-10 15:21:52 | temperature | 22.50
2025-12-10 15:21:53 | humidity   | 72.00
2025-12-10 15:21:55 | temperature | 22.60
2025-12-10 15:21:55 | humidity   | 72.00
2025-12-10 15:21:58 | temperature | 22.90
2025-12-10 15:21:58 | humidity   | 72.00
2025-12-10 15:22:01 | temperature | 22.40
2025-12-10 15:22:02 | humidity   | 72.00
2025-12-10 15:22:04 | temperature | 22.60
2025-12-10 15:22:05 | humidity   | 72.00
2025-12-10 15:22:07 | temperature | 22.90
2025-12-10 15:22:08 | humidity   | 72.00
2025-12-10 15:22:10 | temperature | 22.90
2025-12-10 15:22:10 | humidity   | 72.00
2025-12-10 15:22:13 | temperature | 22.40
2025-12-10 15:22:14 | humidity   | 72.00
2025-12-10 15:22:16 | temperature | 22.70
2025-12-10 15:22:16 | humidity   | 72.00
2025-12-10 15:22:19 | temperature | 22.00
2025-12-10 15:22:20 | humidity   | 72.00
2025-12-10 15:22:22 | temperature | 22.40
2025-12-10 15:22:23 | humidity   | 72.00
2025-12-10 15:22:25 | temperature | 22.70
2025-12-10 15:22:25 | humidity   | 72.00
2025-12-10 15:22:28 | temperature | 22.10
2025-12-10 15:22:29 | humidity   | 73.00
2025-12-10 15:22:31 | temperature | 22.30
2025-12-10 15:22:32 | humidity   | 73.00
2025-12-10 15:22:34 | temperature | 22.30
2025-12-10 15:22:35 | humidity   | 74.00
2025-12-10 15:22:37 | temperature | 22.60
2025-12-10 15:22:38 | humidity   | 74.00
2025-12-10 15:22:40 | temperature | 22.70
2025-12-10 15:22:41 | humidity   | 74.00
